<?xml version="1.0" encoding="UTF-8"?>
<!-- Generated by org.testng.reporters.JUnitXMLReporter -->
<testsuite hostname="work-pc" ignored="1" name="Проверка поиска по ГРЗ и полей карты пользователя." tests="1" failures="0" timestamp="06 июл 2017 12:03:02 GMT" time="11.549" errors="0">
  <testcase name="grzTest" time="9.297" classname="ru.infsol.tests.Tests"/>
  <testcase name="adminWorkWithUser" time="0.0" classname="ru.infsol.tests.Tests">
    <ignored/>
  </testcase> <!-- adminWorkWithUser -->
</testsuite> <!-- Проверка поиска по ГРЗ и полей карты пользователя. -->
