<?xml version="1.0" encoding="UTF-8"?>
<!-- Generated by org.testng.reporters.JUnitXMLReporter -->
<testsuite hostname="work-pc" ignored="0" name="Проверка поиска по ГРЗ и полей карты пользователя." tests="2" failures="0" timestamp="05 июл 2017 11:10:06 GMT" time="24.714" errors="0">
  <testcase name="grzTest" time="5.754" classname="ru.infsol.tests.Tests"/>
  <testcase name="adminWorkWithUser" time="12.039" classname="ru.infsol.tests.Tests"/>
</testsuite> <!-- Проверка поиска по ГРЗ и полей карты пользователя. -->
