<?xml version="1.0" encoding="UTF-8"?>
<testng-results skipped="0" failed="0" ignored="0" total="2" passed="2">
  <reporter-output>
  </reporter-output>
  <suite name="Проверка работы вкладки правонарушений и вкладки пользователи." duration-ms="24714" started-at="2017-07-05T11:09:41Z" finished-at="2017-07-05T11:10:06Z">
    <groups>
    </groups>
    <test name="Проверка поиска по ГРЗ и полей карты пользователя." duration-ms="24714" started-at="2017-07-05T11:09:41Z" finished-at="2017-07-05T11:10:06Z">
      <class name="ru.infsol.tests.Tests">
        <test-method status="PASS" signature="setUp()[pri:0, instance:ru.infsol.tests.Tests@646811d6]" name="setUp" is-config="true" duration-ms="11484" started-at="2017-07-05T14:09:30Z" finished-at="2017-07-05T14:09:41Z">
          <reporter-output>
          </reporter-output>
        </test-method> <!-- setUp -->
        <test-method status="PASS" signature="grzTest()[pri:1, instance:ru.infsol.tests.Tests@646811d6]" name="grzTest" duration-ms="5754" started-at="2017-07-05T14:09:41Z" finished-at="2017-07-05T14:09:47Z">
          <reporter-output>
          </reporter-output>
        </test-method> <!-- grzTest -->
        <test-method status="PASS" signature="adminWorkWithUser()[pri:2, instance:ru.infsol.tests.Tests@646811d6]" name="adminWorkWithUser" duration-ms="12039" started-at="2017-07-05T14:09:47Z" depends-on-methods="ru.infsol.tests.Tests.grzTest" finished-at="2017-07-05T14:09:59Z">
          <reporter-output>
          </reporter-output>
        </test-method> <!-- adminWorkWithUser -->
        <test-method status="PASS" signature="afterTest()[pri:0, instance:ru.infsol.tests.Tests@646811d6]" name="afterTest" is-config="true" duration-ms="6868" started-at="2017-07-05T14:09:59Z" finished-at="2017-07-05T14:10:06Z">
          <reporter-output>
          </reporter-output>
        </test-method> <!-- afterTest -->
      </class> <!-- ru.infsol.tests.Tests -->
    </test> <!-- Проверка поиска по ГРЗ и полей карты пользователя. -->
  </suite> <!-- Проверка работы вкладки правонарушений и вкладки пользователи. -->
</testng-results>
