<?xml version="1.0" encoding="UTF-8"?>
<testng-results skipped="0" failed="0" ignored="1" total="2" passed="1">
  <reporter-output>
  </reporter-output>
  <suite name="Проверка работы вкладки правонарушений и вкладки пользователи." duration-ms="11549" started-at="2017-07-06T12:02:50Z" finished-at="2017-07-06T12:03:02Z">
    <groups>
    </groups>
    <test name="Проверка поиска по ГРЗ и полей карты пользователя." duration-ms="11549" started-at="2017-07-06T12:02:50Z" finished-at="2017-07-06T12:03:02Z">
      <class name="ru.infsol.tests.Tests">
        <test-method status="PASS" signature="setUp()[pri:0, instance:ru.infsol.tests.Tests@2a389173]" name="setUp" is-config="true" duration-ms="34033" started-at="2017-07-06T15:02:16Z" finished-at="2017-07-06T15:02:50Z">
          <reporter-output>
          </reporter-output>
        </test-method> <!-- setUp -->
        <test-method status="PASS" signature="grzTest()[pri:1, instance:ru.infsol.tests.Tests@2a389173]" name="grzTest" duration-ms="9297" started-at="2017-07-06T15:02:50Z" finished-at="2017-07-06T15:02:59Z">
          <reporter-output>
          </reporter-output>
        </test-method> <!-- grzTest -->
        <test-method status="PASS" signature="afterTest()[pri:0, instance:ru.infsol.tests.Tests@2a389173]" name="afterTest" is-config="true" duration-ms="2175" started-at="2017-07-06T15:03:00Z" finished-at="2017-07-06T15:03:02Z">
          <reporter-output>
          </reporter-output>
        </test-method> <!-- afterTest -->
      </class> <!-- ru.infsol.tests.Tests -->
    </test> <!-- Проверка поиска по ГРЗ и полей карты пользователя. -->
  </suite> <!-- Проверка работы вкладки правонарушений и вкладки пользователи. -->
</testng-results>
